Arguments: 
  /Users/rastopyr/.nvm/versions/node/v8.10.0/bin/node /usr/local/Cellar/yarn/1.7.0/libexec/bin/yarn.js add graphql-yoga nexus graphql-midllware

PATH: 
  /Users/rastopyr/.yarn/bin:/Users/rastopyr/.config/yarn/global/node_modules/.bin:/Users/rastopyr/.nvm/versions/node/v8.10.0/bin:/usr/local/php5/bin:/Users/rastopyr/.rvm/gems/ruby-2.2.0/bin:/Users/rastopyr/.rvm/gems/ruby-2.2.0@global/bin:/Users/rastopyr/.rvm/rubies/ruby-2.2.0/bin:/opt/apache-maven-3.3.9/bin:/Users/rastopyr/.nvm/versions/node/v8.10.0/bin:/usr/local/bin:/usr/bin:/bin:/usr/sbin:/sbin:/opt/X11/bin:/usr/local/opt/go14/libexec/bin:/Users/rastopyr/workspace/go/bin:/Users/rastopyr/.rvm/bin:/Library/Ruby/bin:/Users/rastopyr/n/bin

Yarn version: 
  1.7.0

Node version: 
  8.10.0

Platform: 
  darwin x64

Trace: 
  Error: https://registry.yarnpkg.com/graphql-midllware: Not found
      at Request.params.callback [as _callback] (/usr/local/Cellar/yarn/1.7.0/libexec/lib/cli.js:65656:18)
      at Request.self.callback (/usr/local/Cellar/yarn/1.7.0/libexec/lib/cli.js:134675:22)
      at emitTwo (events.js:126:13)
      at Request.emit (events.js:214:7)
      at Request.<anonymous> (/usr/local/Cellar/yarn/1.7.0/libexec/lib/cli.js:135658:10)
      at emitOne (events.js:116:13)
      at Request.emit (events.js:211:7)
      at IncomingMessage.<anonymous> (/usr/local/Cellar/yarn/1.7.0/libexec/lib/cli.js:135578:12)
      at Object.onceWrapper (events.js:313:30)
      at emitNone (events.js:111:20)

npm manifest: 
  {
    "name": "webhooks",
    "version": "1.0.0",
    "description": "Demo for webhooks processing in GraphQL server",
    "main": "src/index.js",
    "repository": "https://github.com/Rastopyr/zlit-graphql-demos.git",
    "author": "Rastopyr <rastopyr@gmail.com>",
    "license": "MIT"
  }

yarn manifest: 
  No manifest

Lockfile: 
  No lockfile
